<?xml version="1.0" encoding="UTF-8" ?>
<testsuite tests="2" failures="0" name="com.ecomm.test.UserDAOTest" time="1.06" errors="0" skipped="2">
  <properties>
[...]
</properties>
  <testcase classname="com.ecomm.test.UserDAOTest" name="updateUserTest" time="0.53">
    <skipped/>
    <system-out>======DataSource Created=====
=====SessionFactory object Created=====
=====Hibernate Transaction Manager=====
</system-out>
    <system-err>Mar 20, 2019 2:41:49 PM org.springframework.context.support.AbstractApplicationContext prepareRefresh
INFO: Refreshing org.springframework.context.annotation.AnnotationConfigApplicationContext@6ac0b715: startup date [Wed Mar 20 14:41:49 IST 2019]; root of context hierarchy
Mar 20, 2019 2:41:49 PM org.springframework.jdbc.datasource.DriverManagerDataSource setDriverClassName
INFO: Loaded JDBC driver: org.h2.Driver
Mar 20, 2019 2:41:49 PM org.hibernate.dialect.Dialect &lt;init&gt;
INFO: HHH000400: Using dialect: org.hibernate.dialect.H2Dialect
Mar 20, 2019 2:41:49 PM org.hibernate.engine.transaction.jta.platform.internal.JtaPlatformInitiator initiateService
INFO: HHH000490: Using JtaPlatform implementation: [org.hibernate.engine.transaction.jta.platform.internal.NoJtaPlatform]
Mar 20, 2019 2:41:49 PM org.springframework.orm.hibernate5.HibernateTransactionManager afterPropertiesSet
INFO: Using DataSource [org.springframework.jdbc.datasource.DriverManagerDataSource@3b95d13c] of Hibernate SessionFactory for HibernateTransactionManager
</system-err>
  </testcase>
  <testcase classname="com.ecomm.test.UserDAOTest" name="registerUserTest" time="0.53">
    <skipped/>
  </testcase>
</testsuite>